<?xml version="1.0" encoding="UTF-8"?>
<testng-results ignored="0" total="1" passed="1" failed="0" skipped="0">
  <reporter-output>
  </reporter-output>
  <suite started-at="2022-07-19T15:31:33 IST" name="Compare Book Stock Automation" finished-at="2022-07-19T15:31:39 IST" duration-ms="5941">
    <groups>
    </groups>
    <test started-at="2022-07-19T15:31:33 IST" name="Compare Book Stock" finished-at="2022-07-19T15:31:39 IST" duration-ms="5941">
      <class name="stock.BookStockCompareSpec">
        <test-method is-config="true" signature="setUp()[pri:0, instance:stock.BookStockCompareSpec@1622f1b]" started-at="2022-07-19T15:31:33 IST" name="setUp" finished-at="2022-07-19T15:31:38 IST" duration-ms="5620" status="PASS">
          <reporter-output>
          </reporter-output>
        </test-method> <!-- setUp -->
        <test-method signature="testMethod()[pri:1, instance:stock.BookStockCompareSpec@1622f1b]" started-at="2022-07-19T15:31:38 IST" name="testMethod" finished-at="2022-07-19T15:31:39 IST" duration-ms="279" status="PASS">
          <reporter-output>
          </reporter-output>
        </test-method> <!-- testMethod -->
        <test-method is-config="true" signature="tearDown()[pri:0, instance:stock.BookStockCompareSpec@1622f1b]" started-at="2022-07-19T15:31:39 IST" name="tearDown" finished-at="2022-07-19T15:31:39 IST" duration-ms="1" status="PASS">
          <reporter-output>
          </reporter-output>
        </test-method> <!-- tearDown -->
      </class> <!-- stock.BookStockCompareSpec -->
    </test> <!-- Compare Book Stock -->
  </suite> <!-- Compare Book Stock Automation -->
</testng-results>
